
{"level":"error","message":"Error al intentar crear producto"}
{"level":"error","message":"Error al intentar crear producto"}
{"level":"error","message":"Producto no econtrado"}
{"level":"error","message":"Producto no econtrado"}
{"level":"error","message":"Producto no encontrado"}
{"level":"error","message":"Producto no encontrado"}
{"level":"error","message":"El ID ingresado no es valido"}
{"level":"error","message":"Producto no encontrado"}
{"level":"error","message":"Error al intentar actualizar carrito"}
{"level":"error","message":"Error al intentar agregar producto a carrito"}
{"level":"error","message":"Error al intentar incrementar producto en carrito"}
{"level":"error","message":"Carrito no encontrado"}
{"level":"error","message":"Carrito no encontrado"}
{"level":"error","message":"Carrito no encontrado"}
{"level":"error","message":"Hola"}
{"level":"fatal","message":"testing fatal"}
{"level":"fatal","message":"testing fatal"}
{"level":"error","message":"testing error"}
{"level":"fatal","message":"testing fatal"}
{"level":"fatal","message":"testing fatal"}
{"level":"error","message":"testing error"}
{"level":"fatal","message":"testing fatal"}
{"level":"error","message":"testing error"}
{"level":"fatal","message":"testing fatal"}
{"level":"error","message":"testing error"}
{"level":"fatal","message":"testing fatal"}
{"level":"error","message":"testing error"}
{"level":"fatal","message":"testing fatal"}
{"level":"error","message":"testing error"}
{"level":"fatal","message":"testing fatal"}
{"level":"fatal","message":"testing fatal"}
{"level":"fatal","message":"testing fatal"}
{"level":"error","message":"testing error"}
{"level":"fatal","message":"testing fatal"}
{"level":"error","message":"testing error"}
{"level":"fatal","message":"testing fatal"}
{"level":"fatal","message":"testing fatal"}
{"level":"fatal","message":"testing fatal"}
{"level":"fatal","message":"testing fatal"}
{"level":"error","message":"testing error"}
{"level":"error","message":"Carrito no encontrado"}
{"level":"error","message":"Error al intentar crear token para reestablecimiento de contraseña."}
{"level":"error","message":"El link para reestablecimiento de contraseña no fue encontrado o ha expirado."}
{"level":"error","message":"El link para reestablecimiento de contraseña no fue encontrado o ha expirado."}
{"level":"error","message":"El link para reestablecimiento de contraseña no fue encontrado o ha expirado."}
{"level":"error","message":"El link para reestablecimiento de contraseña no fue encontrado o ha expirado."}
{"level":"error","message":"El link para reestablecimiento de contraseña no fue encontrado o ha expirado."}
{"level":"error","message":"El link para reestablecimiento de contraseña no fue encontrado o ha expirado."}
{"level":"error","message":"El link para reestablecimiento de contraseña no fue encontrado o ha expirado."}
{"level":"error","message":"El link para reestablecimiento de contraseña no fue encontrado o ha expirado."}
{"level":"error","message":"El link para reestablecimiento de contraseña no fue encontrado o ha expirado."}
{"level":"error","message":"El link para reestablecimiento de contraseña no fue encontrado o ha expirado."}
{"level":"error","message":"El link para reestablecimiento de contraseña no fue encontrado o ha expirado."}
{"level":"error","message":"El link para reestablecimiento de contraseña no fue encontrado o ha expirado."}
{"level":"error","message":"El link para reestablecimiento de contraseña no fue encontrado o ha expirado."}
{"level":"error","message":"El link para reestablecimiento de contraseña no fue encontrado o ha expirado."}
{"level":"error","message":"El link para reestablecimiento de contraseña no fue encontrado o ha expirado."}
{"level":"error","message":"El link para reestablecimiento de contraseña no fue encontrado o ha expirado."}
{"level":"error","message":"El link para reestablecimiento de contraseña no fue encontrado o ha expirado."}
{"level":"error","message":"El link para reestablecimiento de contraseña no fue encontrado o ha expirado."}
{"level":"error","message":"El link para reestablecimiento de contraseña no fue encontrado o ha expirado."}
{"level":"error","message":"La contraseña que está intentado colocar es igual a la anterior, prube con otra contraseña."}
{"level":"error","message":"La contraseña que está intentado colocar es igual a la anterior, prube con otra contraseña."}
{"level":"error","message":"La contraseña que está intentado colocar es igual a la anterior, prube con otra contraseña."}
{"level":"error","message":"El link para reestablecimiento de contraseña no fue encontrado o ha expirado."}
{"level":"error","message":"La contraseña que está intentado colocar es igual a la anterior, prube con otra contraseña."}
{"level":"error","message":"La contraseña que está intentado colocar es igual a la anterior, pruebe con otra contraseña."}
{"level":"error","message":"El link para reestablecimiento de contraseña no fue encontrado o ha expirado."}
{"level":"error","message":"El link para reestablecimiento de contraseña no fue encontrado o ha expirado."}
{"level":"error","message":"La contraseña que está intentado colocar es igual a la anterior, pruebe con otra contraseña."}
{"level":"error","message":"La contraseña que está intentado colocar es igual a la anterior, pruebe con otra contraseña."}
{"level":"error","message":"La contraseña que está intentado colocar es igual a la anterior, pruebe con otra contraseña."}
{"level":"error","message":"El link para reestablecimiento de contraseña no fue encontrado o ha expirado."}
{"level":"error","message":"El link para reestablecimiento de contraseña no fue encontrado o ha expirado."}
{"level":"error","message":"El link para reestablecimiento de contraseña no fue encontrado o ha expirado."}
{"level":"error","message":"La contraseña que está intentado colocar es igual a la anterior, pruebe con otra contraseña."}
{"level":"error","message":"La contraseña que está intentado colocar es igual a la anterior, pruebe con otra contraseña."}
{"level":"error","message":"La contraseña que está intentado colocar es igual a la anterior, pruebe con otra contraseña."}
{"level":"error","message":"La contraseña que está intentado colocar es igual a la anterior, pruebe con otra contraseña."}
{"level":"error","message":"La contraseña que está intentado colocar es igual a la anterior, pruebe con otra contraseña."}
{"level":"error","message":"La contraseña que está intentado colocar es igual a la anterior, pruebe con otra contraseña."}
{"level":"error","message":"La contraseña que está intentado colocar es igual a la anterior, pruebe con otra contraseña."}
{"level":"error","message":"La contraseña que está intentado colocar es igual a la anterior, pruebe con otra contraseña."}
{"level":"error","message":"La contraseña que está intentado colocar es igual a la anterior, pruebe con otra contraseña."}
{"level":"error","message":"El link para reestablecimiento de contraseña no fue encontrado o ha expirado."}
{"level":"error","message":"El link para reestablecimiento de contraseña no fue encontrado o ha expirado."}
{"level":"error","message":"La contraseña que está intentado colocar es igual a la anterior, pruebe con otra contraseña."}
{"level":"error","message":"La contraseña que está intentado colocar es igual a la anterior, pruebe con otra contraseña."}
{"level":"error","message":"El link para reestablecimiento de contraseña no fue encontrado o ha expirado."}
{"level":"error","message":"El link para reestablecimiento de contraseña no fue encontrado o ha expirado."}
{"level":"error","message":"El link para reestablecimiento de contraseña no fue encontrado o ha expirado."}
{"level":"error","message":"El link para reestablecimiento de contraseña no fue encontrado o ha expirado."}
{"level":"error","message":"El link para reestablecimiento de contraseña no fue encontrado o ha expirado."}
{"level":"error","message":"El link para reestablecimiento de contraseña no fue encontrado o ha expirado."}
{"level":"error","message":"El link para reestablecimiento de contraseña no fue encontrado o ha expirado."}
{"level":"error","message":"El link para reestablecimiento de contraseña no fue encontrado o ha expirado."}
{"level":"error","message":"La contraseña que está intentado colocar es igual a la anterior, pruebe con otra contraseña."}
{"level":"error","message":"La contraseña que está intentado colocar es igual a la anterior, pruebe con otra contraseña."}
{"level":"error","message":"El link para reestablecimiento de contraseña no fue encontrado o ha expirado."}
{"level":"error","message":"Error al intentar crear token para reestablecimiento de contraseña."}
{"level":"error","message":"Error al intentar crear token para reestablecimiento de contraseña."}
{"level":"error","message":"El link para reestablecimiento de contraseña no fue encontrado o ha expirado."}
{"level":"error","message":"El link para reestablecimiento de contraseña no fue encontrado o ha expirado."}
{"level":"error","message":"El link para reestablecimiento de contraseña no fue encontrado o ha expirado."}
{"level":"error","message":"El link para reestablecimiento de contraseña no fue encontrado o ha expirado."}
{"level":"error","message":"Usuario no econtrado."}
{"level":"error","message":"La contraseña que está intentado colocar es igual a la anterior, pruebe con otra contraseña."}
{"level":"error","message":"Usuario no econtrado."}
{"level":"error","message":"El usuario es administrado, no puede cambiar de su rol."}
{"level":"error","message":"Producto no econtrado"}
{"level":"error","message":"El usuario no tiene permisos para modificar este producto."}
{"level":"error","message":"Error al intentar actualizar producto"}
{"level":"error","message":"El usuario no tiene permisos para modificar este producto."}
{"level":"error","message":"El usuario no tiene permisos para modificar este producto."}
{"level":"error","message":"El usuario no tiene permisos para modificar este producto."}
{"level":"error","message":"El usuario no tiene permisos para modificar este producto."}
{"level":"error","message":"El usuario no tiene permisos para modificar este producto."}
{"level":"error","message":"Producto no econtrado"}
{"level":"error","message":"Producto no econtrado"}
{"level":"error","message":"Producto no econtrado"}
{"level":"error","message":"Carrito no econtrado"}
{"level":"error","message":"Usuario no econtrado."}
{"level":"error","message":"Error al intentar crear producto"}
{"level":"error","message":"Error al intentar crear producto"}
{"level":"error","message":"Error al intentar crear producto"}
{"level":"error","message":"Error al intentar crear producto"}
{"level":"error","message":"Error al intentar crear producto"}
{"level":"error","message":"Producto no econtrado"}
{"level":"error","message":"El ID ingresado no es valido"}
{"level":"error","message":"Error al intentar crear producto"}
{"level":"error","message":"Producto no econtrado"}
{"level":"error","message":"El ID ingresado no es valido"}
{"level":"error","message":"Producto no econtrado"}
{"level":"error","message":"Producto no econtrado"}
{"level":"error","message":"Producto no econtrado"}
{"level":"error","message":"Producto no econtrado"}
{"level":"error","message":"Producto no econtrado"}
{"level":"error","message":"Error al intentar crear producto"}
{"level":"error","message":"Producto no econtrado"}
{"level":"error","message":"El ID ingresado no es valido"}
{"level":"error","message":"El ID ingresado no es valido"}
{"level":"error","message":"Producto no econtrado"}
{"level":"error","message":"Carrito no encontrado"}
{"level":"error","message":"Error al intentar crear producto"}
{"level":"error","message":"Producto no econtrado"}
{"level":"error","message":"El ID ingresado no es valido"}
{"level":"error","message":"El ID ingresado no es valido"}
{"level":"error","message":"Producto no econtrado"}
{"level":"error","message":"Producto no econtrado"}
{"level":"error","message":"Error al intentar crear producto"}
{"level":"error","message":"Producto no econtrado"}
{"level":"error","message":"El ID ingresado no es valido"}
{"level":"error","message":"El ID ingresado no es valido"}
{"level":"error","message":"Producto no econtrado"}
{"level":"error","message":"Producto no econtrado"}
{"level":"error","message":"Producto no econtrado"}
{"level":"error","message":"Producto no econtrado"}
{"level":"error","message":"Producto no econtrado"}
{"level":"error","message":"Producto no econtrado"}
{"level":"error","message":"El producto que intenta agregar no fue econtrado"}
{"level":"error","message":"Producto no econtrado"}
{"level":"error","message":"El producto que intenta agregar no fue econtrado"}
{"level":"error","message":"Producto no econtrado"}
{"level":"error","message":"El producto que intenta agregar no fue econtrado"}
{"level":"error","message":"Producto no econtrado"}
{"level":"error","message":"El producto que intenta agregar no fue econtrado"}
{"level":"error","message":"Producto no econtrado"}
{"level":"error","message":"El producto que intenta agregar no fue econtrado"}
{"level":"error","message":"Producto no econtrado"}
{"level":"error","message":"El producto que intenta agregar no fue econtrado"}
{"level":"error","message":"Producto no econtrado"}
{"level":"error","message":"El producto que intenta agregar no fue econtrado"}
{"level":"error","message":"Producto no econtrado"}
{"level":"error","message":"El producto que intenta agregar no fue econtrado"}
{"level":"error","message":"Producto no econtrado"}
{"level":"error","message":"El producto que intenta agregar no fue econtrado"}
{"level":"error","message":"Producto no econtrado"}
{"level":"error","message":"El producto que intenta agregar no fue econtrado"}
{"level":"error","message":"Producto no econtrado"}
{"level":"error","message":"Error al intentar crear producto"}
{"level":"error","message":"El producto que intenta agregar no fue econtrado"}
{"level":"error","message":"Producto no econtrado"}
{"level":"error","message":"Error al intentar crear producto"}
{"level":"error","message":"El ID ingresado no es valido"}
{"level":"error","message":"Producto no econtrado"}
{"level":"error","message":"Error al intentar crear producto"}
{"level":"error","message":"El ID ingresado no es valido"}
{"level":"error","message":"Producto no econtrado"}
{"level":"error","message":"Error al intentar crear producto"}
{"level":"error","message":"El ID ingresado no es valido"}
{"level":"error","message":"Producto no econtrado"}
{"level":"error","message":"Error al intentar crear producto"}
{"level":"error","message":"El ID ingresado no es valido"}
{"level":"error","message":"Producto no econtrado"}
{"level":"error","message":"Error al intentar crear producto"}
{"level":"error","message":"El ID ingresado no es valido"}
{"level":"error","message":"Producto no econtrado"}
{"level":"error","message":"Error al intentar crear producto"}
{"level":"error","message":"El producto que intenta agregar no fue econtrado"}
{"level":"error","message":"Producto no econtrado"}
{"level":"error","message":"Error al intentar crear producto"}
{"level":"error","message":"El producto que intenta agregar no fue econtrado"}
{"level":"error","message":"Producto no econtrado"}
{"level":"error","message":"El producto que intenta agregar no fue econtrado"}
{"level":"error","message":"Producto no econtrado"}
{"level":"error","message":"El ID ingresado no es valido"}
{"level":"error","message":"Producto no econtrado"}
{"level":"error","message":"Producto no econtrado"}
{"level":"error","message":"Producto no econtrado"}
{"level":"error","message":"Producto no econtrado"}
{"level":"error","message":"Producto no econtrado"}
{"level":"error","message":"Producto no econtrado"}
{"level":"error","message":"Producto no econtrado"}
{"level":"error","message":"Producto no econtrado"}
{"level":"error","message":"Producto no econtrado"}
{"level":"error","message":"Producto no econtrado"}
{"level":"error","message":"Producto no econtrado"}
{"level":"error","message":"Producto no econtrado"}
{"level":"error","message":"Producto no econtrado"}
{"level":"error","message":"El ID ingresado no es valido"}
{"level":"error","message":"Producto no econtrado"}
{"level":"error","message":"El ID ingresado no es valido"}
{"level":"error","message":"Producto no econtrado"}
{"level":"error","message":"Producto no econtrado"}
{"level":"error","message":"Producto no econtrado"}
{"level":"error","message":"Producto no econtrado"}
{"level":"error","message":"Producto no econtrado"}
{"level":"error","message":"Producto no econtrado"}
{"level":"error","message":"Producto no econtrado"}
{"level":"error","message":"Producto no econtrado"}
{"level":"error","message":"Producto no econtrado"}
{"level":"error","message":"Producto no econtrado"}
{"level":"error","message":"Producto no econtrado"}
{"level":"error","message":"Producto no econtrado"}
{"level":"error","message":"Producto no econtrado"}
{"level":"error","message":"Producto no econtrado"}
{"level":"error","message":"Producto no econtrado"}
{"level":"error","message":"Producto no econtrado"}
{"level":"error","message":"Producto no econtrado"}
{"level":"error","message":"Producto no econtrado"}
{"level":"error","message":"Producto no econtrado"}
{"level":"error","message":"Producto no econtrado"}
{"level":"error","message":"Producto no econtrado"}
{"level":"error","message":"Producto no econtrado"}
{"level":"error","message":"Producto no econtrado"}
{"level":"error","message":"Producto no econtrado"}
{"level":"error","message":"Producto no econtrado"}
{"level":"error","message":"Producto no econtrado"}
{"level":"error","message":"Producto no econtrado"}
{"level":"error","message":"Producto no econtrado"}
{"level":"error","message":"Producto no econtrado"}
{"level":"error","message":"Producto no econtrado"}
{"level":"error","message":"Producto no econtrado"}
{"level":"error","message":"Producto no econtrado"}
{"level":"error","message":"Producto no econtrado"}
{"level":"error","message":"Producto no econtrado"}
{"level":"error","message":"Producto no econtrado"}
{"level":"error","message":"Producto no econtrado"}
{"level":"error","message":"Producto no econtrado"}
{"level":"error","message":"Producto no econtrado"}
{"level":"error","message":"Producto no econtrado"}
{"level":"error","message":"Producto no econtrado"}
{"level":"error","message":"Producto no econtrado"}
{"level":"error","message":"Producto no econtrado"}
{"level":"error","message":"Producto no econtrado"}
{"level":"error","message":"Producto no econtrado"}
{"level":"error","message":"Producto no econtrado"}
{"level":"error","message":"El ID ingresado no es valido"}
{"level":"error","message":"El tipo de documentación que está intentando ingresar no es válida."}
{"level":"error","message":"El tipo de documentación que está intentando ingresar no es válida."}
{"level":"error","message":"El usuario no ha terminado de cargar su documentación."}
{"level":"error","message":"El usuario no ha terminado de cargar su documentación."}
{"level":"error","message":"El usuario no ha terminado de cargar su documentación."}
{"level":"error","message":"El usuario no ha terminado de cargar su documentación."}
{"level":"error","message":"El usuario no ha terminado de cargar su documentación."}
{"level":"error","message":"El usuario no ha terminado de cargar su documentación."}
{"level":"error","message":"El usuario no ha terminado de cargar su documentación."}
{"level":"error","message":"El usuario no ha terminado de cargar su documentación."}
{"level":"error","message":"Usuario no econtrado."}
{"level":"error","message":"Usuario no econtrado."}
{"level":"error","message":"Usuario no econtrado."}
{"level":"error","message":"Usuario no econtrado."}
{"level":"error","message":"Producto no encontrado"}
{"level":"error","message":"Producto no encontrado"}
{"level":"error","message":"Producto no encontrado"}
{"level":"error","message":"Usuario no encontrado"}
{"level":"error","message":"Usuario no encontrado"}
{"level":"error","message":"Usuario no encontrado"}
{"level":"error","message":"No se han encontrado usuarios inactivos hace más de 2 días para eliminar."}
{"level":"error","message":"No se han encontrado usuarios con inactividad de más de 0.00001 días para eliminar."}
{"level":"error","message":"El usuario no ha terminado de cargar su documentación."}
{"level":"error","message":"Producto no encontrado"}
{"level":"error","message":"El usuario no ha terminado de cargar su documentación."}
{"level":"error","message":"Error al intentar crear producto"}
{"level":"error","message":"El usuario no tiene permisos para eliminar este producto."}
{"level":"error","message":"Error al intentar actualizar cantidad de productos en carrito"}
{"level":"error","message":"Error al intentar actualizar cantidad de productos en carrito"}
{"level":"error","message":"Error al intentar actualizar cantidad de productos en carrito"}
{"level":"error","message":"Error al intentar actualizar cantidad de productos en carrito"}
{"level":"error","message":"Error al intentar actualizar cantidad de productos en carrito"}
{"level":"error","message":"Error al intentar actualizar cantidad de productos en carrito"}
{"level":"error","message":"Error al intentar actualizar cantidad de productos en carrito"}
{"level":"error","message":"Error al intentar actualizar cantidad de productos en carrito"}
{"level":"error","message":"Error al intentar actualizar cantidad de productos en carrito"}
{"level":"error","message":"El ID ingresado no es valido"}
{"level":"error","message":"El ID ingresado no es valido"}
{"level":"error","message":"Carrito no econtrado"}
{"level":"error","message":"Carrito no econtrado"}
{"level":"error","message":"El ID ingresado no es valido"}
{"level":"error","message":"El ID ingresado no es valido"}
{"level":"error","message":"El ID ingresado no es valido"}
{"level":"error","message":"El ID ingresado no es valido"}
{"level":"error","message":"El ID ingresado no es valido"}
{"level":"error","message":"El ID ingresado no es valido"}
{"level":"error","message":"El ID ingresado no es valido"}
{"level":"error","message":"El ID ingresado no es valido"}
{"level":"error","message":"El ID ingresado no es valido"}
{"level":"error","message":"El ID ingresado no es valido"}
{"level":"error","message":"El ID ingresado no es valido"}
{"level":"error","message":"Carrito no econtrado"}
{"level":"error","message":"El ID ingresado no es valido"}
{"level":"error","message":"El ID ingresado no es valido"}
{"level":"error","message":"El ID ingresado no es valido"}
{"level":"error","message":"Carrito no econtrado"}
{"level":"error","message":"Carrito no econtrado"}
{"level":"error","message":"El usuario no ha terminado de cargar su documentación."}
{"level":"error","message":"El usuario no ha terminado de cargar su documentación."}
{"level":"error","message":"El usuario no ha terminado de cargar su documentación."}
{"level":"error","message":"El usuario no ha terminado de cargar su documentación."}
{"level":"error","message":"Carrito no econtrado"}
{"level":"error","message":"Carrito no econtrado"}
{"level":"error","message":"Carrito no econtrado"}
{"level":"error","message":"Carrito no econtrado"}
{"level":"error","message":"Carrito no econtrado"}
{"level":"error","message":"Carrito no econtrado"}
{"level":"error","message":"Carrito no econtrado"}
{"level":"error","message":"Carrito no econtrado"}
{"level":"error","message":"Carrito no econtrado"}
{"level":"error","message":"Carrito no econtrado"}
{"level":"error","message":"Carrito no econtrado"}
{"level":"error","message":"Carrito no econtrado"}
{"level":"error","message":"Carrito no econtrado"}
{"level":"error","message":"Carrito no econtrado"}
{"level":"error","message":"El ID ingresado no es valido"}
{"level":"error","message":"El usuario no ha terminado de cargar su documentación."}
{"level":"error","message":"Carrito no econtrado"}
{"level":"error","message":"Carrito no econtrado"}
{"level":"error","message":"Carrito no econtrado"}
{"level":"error","message":"Carrito no econtrado"}
{"level":"error","message":"Carrito no econtrado"}
{"level":"error","message":"Carrito no econtrado"}
{"level":"error","message":"Carrito no econtrado"}
{"level":"error","message":"Carrito no econtrado"}
{"level":"error","message":"Carrito no econtrado"}
{"level":"error","message":"Carrito no econtrado"}
{"level":"error","message":"Carrito no econtrado"}
{"level":"error","message":"El ID ingresado no es valido"}
{"level":"error","message":"Carrito no econtrado"}
{"level":"error","message":"Carrito no econtrado"}
{"level":"error","message":"Carrito no econtrado"}
{"level":"error","message":"Carrito no econtrado"}
{"level":"error","message":"Carrito no econtrado"}
{"level":"error","message":"Carrito no econtrado"}
{"level":"error","message":"Carrito no econtrado"}
{"level":"error","message":"El ID ingresado no es valido"}
{"level":"error","message":"Carrito no econtrado"}
{"level":"error","message":"Carrito no econtrado"}
{"level":"error","message":"Carrito no econtrado"}
{"level":"error","message":"Carrito no econtrado"}
{"level":"error","message":"El usuario no ha terminado de cargar su documentación."}
{"level":"error","message":"Carrito no econtrado"}
{"level":"error","message":"Carrito no econtrado"}
{"level":"error","message":"Carrito no econtrado"}
{"level":"error","message":"El ID ingresado no es valido"}
{"level":"error","message":"Carrito no econtrado"}
{"level":"error","message":"Carrito no econtrado"}
{"level":"error","message":"Carrito no econtrado"}
{"level":"error","message":"Carrito no econtrado"}
{"level":"error","message":"Carrito no econtrado"}
{"level":"error","message":"Carrito no econtrado"}
{"level":"error","message":"Carrito no econtrado"}
{"level":"error","message":"Carrito no econtrado"}
{"level":"error","message":"Carrito no econtrado"}
{"level":"error","message":"Carrito no econtrado"}
{"level":"error","message":"Carrito no econtrado"}
{"level":"error","message":"El ID ingresado no es valido"}
